\BOOKMARK [0][-]{chapter.1}{\376\377\000E\000i\000n\000l\000e\000i\000t\000u\000n\000g\000\040\000u\000n\000d\000\040\000P\000r\000o\000b\000l\000e\000m\000s\000t\000e\000l\000l\000u\000n\000g}{}% 1
\BOOKMARK [0][-]{chapter.2}{\376\377\000T\000h\000e\000o\000r\000e\000t\000i\000s\000c\000h\000e\000\040\000G\000r\000u\000n\000d\000l\000a\000g\000e\000n}{}% 2
\BOOKMARK [1][-]{section.2.1}{\376\377\000E\000n\000t\000w\000i\000c\000k\000l\000u\000n\000g\000s\000w\000e\000r\000k\000z\000e\000u\000g\000e}{chapter.2}% 3
\BOOKMARK [1][-]{section.2.2}{\376\377\000K\000\374\000n\000s\000t\000l\000i\000c\000h\000e\000\040\000I\000n\000t\000e\000l\000l\000i\000g\000e\000n\000z}{chapter.2}% 4
\BOOKMARK [1][-]{section.2.3}{\376\377\000V\000e\000r\000w\000e\000n\000d\000e\000t\000e\000\040\000A\000l\000g\000o\000r\000i\000t\000h\000m\000e\000n}{chapter.2}% 5
\BOOKMARK [2][-]{subsection.2.3.1}{\376\377\000E\000i\000n\000b\000e\000t\000t\000u\000n\000g\000\040\000\050\000E\000m\000b\000e\000d\000d\000i\000n\000g\000\051}{section.2.3}% 6
\BOOKMARK [2][-]{subsection.2.3.2}{\376\377\000D\000i\000m\000e\000n\000s\000i\000o\000n\000s\000r\000e\000d\000u\000k\000t\000i\000o\000n}{section.2.3}% 7
\BOOKMARK [2][-]{subsection.2.3.3}{\376\377\000G\000r\000u\000p\000p\000i\000e\000r\000u\000n\000g\000\040\000\050\000C\000l\000u\000s\000t\000e\000r\000i\000n\000g\000\051}{section.2.3}% 8
\BOOKMARK [2][-]{subsection.2.3.4}{\376\377\000V\000i\000s\000u\000a\000l\000i\000s\000i\000e\000r\000u\000n\000g}{section.2.3}% 9
\BOOKMARK [2][-]{subsection.2.3.5}{\376\377\000E\000v\000a\000l\000u\000i\000e\000r\000u\000n\000g}{section.2.3}% 10
\BOOKMARK [0][-]{chapter.3}{\376\377\000V\000o\000r\000g\000e\000h\000e\000n\000s\000w\000e\000i\000s\000e\000\040\000u\000n\000d\000\040\000I\000m\000p\000l\000e\000m\000e\000n\000t\000i\000e\000r\000u\000n\000g}{}% 11
\BOOKMARK [1][-]{section.3.1}{\376\377\000T\000h\000e\000m\000e\000n\000f\000i\000n\000d\000u\000n\000g}{chapter.3}% 12
\BOOKMARK [1][-]{section.3.2}{\376\377\000R\000e\000c\000h\000e\000r\000c\000h\000e\000\040\000u\000n\000d\000\040\000V\000o\000r\000b\000e\000r\000e\000i\000t\000u\000n\000g}{chapter.3}% 13
\BOOKMARK [1][-]{section.3.3}{\376\377\000I\000m\000p\000l\000e\000m\000e\000n\000t\000i\000e\000r\000u\000n\000g\000s\000v\000e\000r\000l\000a\000u\000f}{chapter.3}% 14
\BOOKMARK [2][-]{subsection.3.3.1}{\376\377\000E\000r\000s\000t\000e\000r\000\040\000I\000m\000p\000l\000e\000m\000e\000n\000t\000i\000e\000r\000u\000n\000g\000s\000a\000b\000s\000c\000h\000n\000i\000t\000t}{section.3.3}% 15
\BOOKMARK [2][-]{subsection.3.3.2}{\376\377\000Z\000w\000e\000i\000t\000e\000r\000\040\000I\000m\000p\000l\000e\000m\000e\000n\000t\000i\000e\000r\000u\000n\000g\000s\000a\000b\000s\000c\000h\000n\000i\000t\000t}{section.3.3}% 16
\BOOKMARK [2][-]{subsection.3.3.3}{\376\377\000D\000r\000i\000t\000t\000e\000r\000\040\000I\000m\000p\000l\000e\000m\000e\000n\000t\000i\000e\000r\000u\000n\000g\000s\000a\000b\000s\000c\000h\000n\000i\000t\000t}{section.3.3}% 17
\BOOKMARK [1][-]{section.3.4}{\376\377\000F\000i\000n\000a\000l\000e\000\040\000I\000m\000p\000l\000e\000m\000e\000n\000t\000i\000e\000r\000u\000n\000g}{chapter.3}% 18
\BOOKMARK [2][-]{subsection.3.4.1}{\376\377\000P\000i\000p\000e\000l\000i\000n\000e}{section.3.4}% 19
\BOOKMARK [2][-]{subsection.3.4.2}{\376\377\000A\000b\000l\000a\000u\000f\000\040\000i\000n\000\040\000P\000i\000p\000e\000l\000i\000n\000e}{section.3.4}% 20
\BOOKMARK [2][-]{subsection.3.4.3}{\376\377\000c\000o\000n\000f\000i\000g\000.\000y\000a\000m\000l}{section.3.4}% 21
\BOOKMARK [2][-]{subsection.3.4.4}{\376\377\000d\000a\000t\000a\000\137\000l\000o\000a\000d\000e\000r\000.\000p\000y}{section.3.4}% 22
\BOOKMARK [2][-]{subsection.3.4.5}{\376\377\000s\000c\000o\000r\000e\000\137\000b\000i\000n\000n\000i\000n\000g\000.\000p\000y}{section.3.4}% 23
\BOOKMARK [2][-]{subsection.3.4.6}{\376\377\000e\000m\000b\000e\000d\000d\000i\000n\000g\000\137\000m\000o\000d\000e\000l\000.\000p\000y}{section.3.4}% 24
\BOOKMARK [2][-]{subsection.3.4.7}{\376\377\000d\000i\000m\000e\000n\000s\000i\000o\000n\000\137\000r\000e\000d\000u\000c\000e\000r\000.\000p\000y}{section.3.4}% 25
\BOOKMARK [2][-]{subsection.3.4.8}{\376\377\000c\000l\000u\000s\000t\000e\000r\000i\000n\000g\000\137\000e\000n\000g\000i\000n\000e\000.\000p\000y}{section.3.4}% 26
\BOOKMARK [2][-]{subsection.3.4.9}{\376\377\000e\000v\000a\000l\000u\000a\000t\000i\000o\000n\000\137\000m\000e\000t\000r\000i\000c\000s\000.\000p\000y}{section.3.4}% 27
\BOOKMARK [2][-]{subsection.3.4.10}{\376\377\000a\000d\000v\000a\000n\000c\000e\000d\000\137\000i\000t\000e\000r\000a\000c\000t\000i\000v\000e\000\137\000p\000l\000o\000t\000.\000p\000y}{section.3.4}% 28
\BOOKMARK [2][-]{subsection.3.4.11}{\376\377\000r\000e\000p\000o\000r\000t\000\137\000g\000e\000n\000e\000r\000a\000t\000o\000r\000.\000p\000y}{section.3.4}% 29
\BOOKMARK [0][-]{chapter.4}{\376\377\000F\000o\000r\000s\000c\000h\000u\000n\000g\000s\000e\000r\000g\000e\000b\000n\000i\000s\000s\000e}{}% 30
\BOOKMARK [1][-]{section.4.1}{\376\377\000R\000a\000n\000g\000l\000i\000s\000t\000e\000\040\000d\000e\000r\000\040\000E\000v\000a\000l\000u\000a\000t\000i\000o\000n\000s\000v\000e\000r\000f\000a\000h\000r\000e\000n}{chapter.4}% 31
\BOOKMARK [1][-]{section.4.2}{\376\377\000C\000l\000u\000s\000t\000e\000r\000n\000\040\000u\000n\000t\000e\000r\000s\000c\000h\000i\000e\000d\000l\000i\000c\000h\000e\000r\000\040\000D\000a\000t\000e\000i\000e\000n\000\040\000i\000n\000\040\000e\000i\000n\000e\000m\000\040\000D\000i\000a\000g\000r\000a\000m\000m}{chapter.4}% 32
\BOOKMARK [0][-]{chapter.5}{\376\377\000Z\000u\000s\000a\000m\000m\000e\000n\000f\000a\000s\000s\000u\000n\000g\000\040\000u\000n\000d\000\040\000A\000u\000s\000b\000l\000i\000c\000k}{}% 33
\BOOKMARK [0][-]{chapter.6}{\376\377\000A\000n\000h\000a\000n\000g}{}% 34
\BOOKMARK [0][-]{chapter*.32}{\376\377\000L\000i\000t\000e\000r\000a\000t\000u\000r\000v\000e\000r\000z\000e\000i\000c\000h\000n\000i\000s}{}% 35
\BOOKMARK [0][-]{appendix.A}{\376\377\000G\000l\000o\000s\000s\000a\000r}{}% 36
\BOOKMARK [0][-]{appendix.B}{\376\377\000E\000i\000g\000e\000n\000s\000t\000\344\000n\000d\000i\000g\000k\000e\000i\000t\000s\000e\000r\000k\000l\000\344\000r\000u\000n\000g}{}% 37
